  boundary.cpp
  Unknown compiler version - please run the configure tests and report the results
  extract.cpp
  Unknown compiler version - please run the configure tests and report the results
g:\点云边界提取项目\边界提取项目\边界提取项目\extract.cpp(233): warning C4267: “=”: 从“size_t”转换到“uint32_t”，可能丢失数据
g:\点云边界提取项目\边界提取项目\边界提取项目\extract.cpp(274): warning C4267: “=”: 从“size_t”转换到“uint32_t”，可能丢失数据
g:\点云边界提取项目\边界提取项目\边界提取项目\extract.cpp(265): warning C4996: 'access': The POSIX name for this item is deprecated. Instead, use the ISO C and C++ conformant name: _access. See online help for details.
  e:\windows kits\10\include\10.0.17763.0\ucrt\corecrt_io.h(441): note: 参见“access”的声明
g:\点云边界提取项目\边界提取项目\边界提取项目\extract.cpp(267): warning C4996: 'mkdir': The POSIX name for this item is deprecated. Instead, use the ISO C and C++ conformant name: _mkdir. See online help for details.
  e:\windows kits\10\include\10.0.17763.0\ucrt\direct.h(111): note: 参见“mkdir”的声明
  fileter.cpp
  Unknown compiler version - please run the configure tests and report the results
g:\点云边界提取项目\边界提取项目\边界提取项目\fileter.cpp(35): warning C4267: “初始化”: 从“size_t”转换到“int”，可能丢失数据
  getCircle.cpp
  Unknown compiler version - please run the configure tests and report the results
  segment.cpp
  Unknown compiler version - please run the configure tests and report the results
c:\pcl 1.8.1\include\pcl-1.8\pcl\sample_consensus\model_types.h(99): warning C4996: 'pcl::SAC_SAMPLE_SIZE': This map is deprecated and is kept only to prevent breaking existing user code. Starting from PCL 1.8.0 model sample size is a protected member of the SampleConsensusModel class
  c:\pcl 1.8.1\include\pcl-1.8\pcl\sample_consensus\model_types.h(99): note: 参见“pcl::SAC_SAMPLE_SIZE”的声明
g:\点云边界提取项目\边界提取项目\边界提取项目\segment.cpp(28): warning C4267: “初始化”: 从“size_t”转换到“int”，可能丢失数据
  边界提取项目.cpp
  Unknown compiler version - please run the configure tests and report the results
c:\pcl 1.8.1\include\pcl-1.8\pcl\visualization\interactor_style.h : warning C4819: 该文件包含不能在当前代码页(936)中表示的字符。请将该文件保存为 Unicode 格式以防止数据丢失
c:\pcl 1.8.1\include\pcl-1.8\pcl\visualization\pcl_visualizer.h(1584): warning C4819: 该文件包含不能在当前代码页(936)中表示的字符。请将该文件保存为 Unicode 格式以防止数据丢失
  正在生成代码
  4 of 3312 functions ( 0.1%) were compiled, the rest were copied from previous compilation.
    3 functions were new in current compilation
    0 functions had inline decision re-evaluated but remain unchanged
  已完成代码的生成
  边界提取项目.vcxproj -> G:\点云边界提取项目\边界提取项目\x64\Release\边界提取项目.exe
